Importing environment from env...
MAIL_SERVER = smtp.qq.com
MAIL_USERNAME = unrealblue@foxmail.com
MAIL_PASSWORD = qlagqbbvejjrcbba
FLASK_ADMIN = linanwy@foxmail.com
FLASKY_MAIL_SENDER = unrealblue@foxmail.com
Importing environment from env...
MAIL_SERVER = smtp.qq.com
MAIL_USERNAME = unrealblue@foxmail.com
MAIL_PASSWORD = qlagqbbvejjrcbba
FLASK_ADMIN = linanwy@foxmail.com
FLASKY_MAIL_SENDER = unrealblue@foxmail.com
Importing environment from env...
MAIL_SERVER = smtp.qq.com
MAIL_USERNAME = unrealblue@foxmail.com
MAIL_PASSWORD = qlagqbbvejjrcbba
FLASK_ADMIN = linanwy@foxmail.com
FLASKY_MAIL_SENDER = unrealblue@foxmail.com
Importing environment from env...
MAIL_SERVER = smtp.qq.com
MAIL_USERNAME = unrealblue@foxmail.com
MAIL_PASSWORD = qlagqbbvejjrcbba
FLASK_ADMIN = linanwy@foxmail.com
FLASKY_MAIL_SENDER = unrealblue@foxmail.com
Importing environment from env...
MAIL_SERVER = smtp.qq.com
MAIL_USERNAME = unrealblue@foxmail.com
MAIL_PASSWORD = qlagqbbvejjrcbba
FLASK_ADMIN = linanwy@foxmail.com
FLASKY_MAIL_SENDER = unrealblue@foxmail.com
Importing environment from env...
MAIL_SERVER = smtp.qq.com
MAIL_USERNAME = unrealblue@foxmail.com
MAIL_PASSWORD = qlagqbbvejjrcbba
FLASK_ADMIN = linanwy@foxmail.com
FLASKY_MAIL_SENDER = unrealblue@foxmail.com
Importing environment from env...
MAIL_SERVER = smtp.qq.com
MAIL_USERNAME = unrealblue@foxmail.com
MAIL_PASSWORD = qlagqbbvejjrcbba
FLASK_ADMIN = linanwy@foxmail.com
FLASKY_MAIL_SENDER = unrealblue@foxmail.com
Importing environment from env...
MAIL_SERVER = smtp.qq.com
MAIL_USERNAME = unrealblue@foxmail.com
MAIL_PASSWORD = qlagqbbvejjrcbba
FLASK_ADMIN = linanwy@foxmail.com
FLASKY_MAIL_SENDER = unrealblue@foxmail.com
Importing environment from env...
MAIL_SERVER = smtp.qq.com
MAIL_USERNAME = unrealblue@foxmail.com
MAIL_PASSWORD = qlagqbbvejjrcbba
FLASK_ADMIN = linanwy@foxmail.com
FLASKY_MAIL_SENDER = unrealblue@foxmail.com
Importing environment from env...
MAIL_SERVER = smtp.qq.com
MAIL_USERNAME = unrealblue@foxmail.com
MAIL_PASSWORD = qlagqbbvejjrcbba
FLASK_ADMIN = linanwy@foxmail.com
FLASKY_MAIL_SENDER = unrealblue@foxmail.com
Importing environment from env...
MAIL_SERVER = smtp.qq.com
MAIL_USERNAME = unrealblue@foxmail.com
MAIL_PASSWORD = qlagqbbvejjrcbba
FLASK_ADMIN = linanwy@foxmail.com
FLASKY_MAIL_SENDER = unrealblue@foxmail.com
Importing environment from env...
MAIL_SERVER = smtp.qq.com
MAIL_USERNAME = unrealblue@foxmail.com
MAIL_PASSWORD = qlagqbbvejjrcbba
FLASK_ADMIN = linanwy@foxmail.com
FLASKY_MAIL_SENDER = unrealblue@foxmail.com
Importing environment from env...
MAIL_SERVER = smtp.qq.com
MAIL_USERNAME = unrealblue@foxmail.com
MAIL_PASSWORD = qlagqbbvejjrcbba
FLASK_ADMIN = linanwy@foxmail.com
FLASKY_MAIL_SENDER = unrealblue@foxmail.com
Importing environment from env...
MAIL_SERVER = smtp.qq.com
MAIL_USERNAME = unrealblue@foxmail.com
MAIL_PASSWORD = qlagqbbvejjrcbba
FLASK_ADMIN = linanwy@foxmail.com
FLASKY_MAIL_SENDER = unrealblue@foxmail.com
Importing environment from env...
MAIL_SERVER = smtp.qq.com
MAIL_USERNAME = unrealblue@foxmail.com
MAIL_PASSWORD = qlagqbbvejjrcbba
FLASK_ADMIN = linanwy@foxmail.com
FLASKY_MAIL_SENDER = unrealblue@foxmail.com
Importing environment from env...
MAIL_SERVER = smtp.qq.com
MAIL_USERNAME = unrealblue@foxmail.com
MAIL_PASSWORD = qlagqbbvejjrcbba
FLASK_ADMIN = linanwy@foxmail.com
FLASKY_MAIL_SENDER = unrealblue@foxmail.com
Importing environment from env...
MAIL_SERVER = smtp.qq.com
MAIL_USERNAME = unrealblue@foxmail.com
MAIL_PASSWORD = qlagqbbvejjrcbba
FLASK_ADMIN = linanwy@foxmail.com
FLASKY_MAIL_SENDER = unrealblue@foxmail.com
Importing environment from env...
MAIL_SERVER = smtp.qq.com
MAIL_USERNAME = unrealblue@foxmail.com
MAIL_PASSWORD = qlagqbbvejjrcbba
FLASK_ADMIN = linanwy@foxmail.com
FLASKY_MAIL_SENDER = unrealblue@foxmail.com
Importing environment from env...
MAIL_SERVER = smtp.qq.com
MAIL_USERNAME = unrealblue@foxmail.com
MAIL_PASSWORD = qlagqbbvejjrcbba
FLASK_ADMIN = linanwy@foxmail.com
FLASKY_MAIL_SENDER = unrealblue@foxmail.com
Importing environment from env...
MAIL_SERVER = smtp.qq.com
MAIL_USERNAME = unrealblue@foxmail.com
MAIL_PASSWORD = qlagqbbvejjrcbba
FLASK_ADMIN = linanwy@foxmail.com
FLASKY_MAIL_SENDER = unrealblue@foxmail.com
Importing environment from env...
MAIL_SERVER = smtp.qq.com
MAIL_USERNAME = unrealblue@foxmail.com
MAIL_PASSWORD = qlagqbbvejjrcbba
FLASK_ADMIN = linanwy@foxmail.com
FLASKY_MAIL_SENDER = unrealblue@foxmail.com
Importing environment from env...
MAIL_SERVER = smtp.qq.com
MAIL_USERNAME = unrealblue@foxmail.com
MAIL_PASSWORD = qlagqbbvejjrcbba
FLASK_ADMIN = linanwy@foxmail.com
FLASKY_MAIL_SENDER = unrealblue@foxmail.com
